#
# There is insufficient memory for the Java Runtime Environment to continue.
# Native memory allocation (malloc) failed to allocate 1001632 bytes. Error detail: Chunk::new
# Possible reasons:
#   The system is out of physical RAM or swap space
#   This process is running with CompressedOops enabled, and the Java Heap may be blocking the growth of the native heap
# Possible solutions:
#   Reduce memory load on the system
#   Increase physical memory or swap space
#   Check if swap backing store is full
#   Decrease Java heap size (-Xmx/-Xms)
#   Decrease number of Java threads
#   Decrease Java thread stack sizes (-Xss)
#   Set larger code cache with -XX:ReservedCodeCacheSize=
#   JVM is running with Unscaled Compressed Oops mode in which the Java heap is
#     placed in the first 4GB address space. The Java Heap base address is the
#     maximum limit for the native heap growth. Please use -XX:HeapBaseMinAddress
#     to set the Java Heap base and to place the Java Heap above 4GB virtual address.
# This output file may be truncated or incomplete.
#
#  Out of Memory Error (arena.cpp:168), pid=20408, tid=17668
#
# JRE version: OpenJDK Runtime Environment (21.0.3) (build 21.0.3+-12282718-b509.11)
# Java VM: OpenJDK 64-Bit Server VM (21.0.3+-12282718-b509.11, mixed mode, tiered, compressed oops, compressed class ptrs, g1 gc, windows-amd64)
# No core dump will be written. Minidumps are not enabled by default on client versions of Windows
#

---------------  S U M M A R Y ------------

Command Line: --add-opens=java.base/java.util=ALL-UNNAMED --add-opens=java.base/java.lang=ALL-UNNAMED --add-opens=java.base/java.lang.invoke=ALL-UNNAMED --add-opens=java.prefs/java.util.prefs=ALL-UNNAMED --add-exports=jdk.compiler/com.sun.tools.javac.api=ALL-UNNAMED --add-exports=jdk.compiler/com.sun.tools.javac.util=ALL-UNNAMED --add-opens=java.base/java.nio.charset=ALL-UNNAMED --add-opens=java.base/java.net=ALL-UNNAMED --add-opens=java.base/java.util.concurrent.atomic=ALL-UNNAMED -Xmx2048m -Dfile.encoding=UTF-8 -Duser.country=RU -Duser.language=ru -Duser.variant -javaagent:D:\gradle\wrapper\dists\gradle-8.9-bin\90cnw93cvbtalezasaz0blq0a\gradle-8.9\lib\agents\gradle-instrumentation-agent-8.9.jar org.gradle.launcher.daemon.bootstrap.GradleDaemon 8.9

Host: 12th Gen Intel(R) Core(TM) i5-12500H, 16 cores, 15G,  Windows 11 , 64 bit Build 22621 (10.0.22621.4391)
Time: Sun Dec 29 13:49:04 2024 RTZ 2 (s 11 , 64 bit Build 22621 (10.0.22621.4391) elapsed time: 3.221260 seconds (0d 0h 0m 3s)

---------------  T H R E A D  ---------------

Current thread (0x000001d8961d6100):  JavaThread "C2 CompilerThread1" daemon [_thread_in_native, id=17668, stack(0x0000001788b00000,0x0000001788c00000) (1024K)]


Current CompileTask:
C2:   3221 4396       4       java.util.regex.Pattern::compile (537 bytes)

Stack: [0x0000001788b00000,0x0000001788c00000]
Native frames: (J=compiled Java code, j=interpreted, Vv=VM code, C=native code)
V  [jvm.dll+0x6cafb9]
V  [jvm.dll+0x858523]
V  [jvm.dll+0x85aa7e]
V  [jvm.dll+0x85b163]
V  [jvm.dll+0x27d356]
V  [jvm.dll+0xbf93d]
V  [jvm.dll+0xbfe73]
V  [jvm.dll+0x3b1ceb]
V  [jvm.dll+0x37e787]
V  [jvm.dll+0x37dbfa]
V  [jvm.dll+0x246b02]
V  [jvm.dll+0x2460d1]
V  [jvm.dll+0x1c5804]
V  [jvm.dll+0x25575c]
V  [jvm.dll+0x253c36]
V  [jvm.dll+0x3ec996]
V  [jvm.dll+0x800d78]
V  [jvm.dll+0x6c98cd]
C  [ucrtbase.dll+0x29333]
C  [KERNEL32.DLL+0x1259d]
C  [ntdll.dll+0x5af38]


---------------  P R O C E S S  ---------------

Threads class SMR info:
_java_thread_list=0x000001d89f414480, length=38, elements={
0x000001d8faef9930, 0x000001d8961c2510, 0x000001d8961c5640, 0x000001d8961c6f00,
0x000001d8961aaaf0, 0x000001d8961ac560, 0x000001d8961acfc0, 0x000001d8961b1250,
0x000001d8961d4c90, 0x000001d8962e5010, 0x000001d8961d5a30, 0x000001d8961d3ef0,
0x000001d896616d00, 0x000001d8961d6100, 0x000001d8961d45c0, 0x000001d8961d67d0,
0x000001d8961d5360, 0x000001d89c2bf090, 0x000001d89c4df5b0, 0x000001d89c6f7920,
0x000001d89c4dd690, 0x000001d89c4ddd00, 0x000001d89c5625f0, 0x000001d89c566b80,
0x000001d89c2f49d0, 0x000001d89c2f56f0, 0x000001d89c2f5d80, 0x000001d89c2f6410,
0x000001d89c2f6aa0, 0x000001d89c2f7130, 0x000001d89c2f77c0, 0x000001d89e9cfe10,
0x000001d89e9d3290, 0x000001d89e9cdd40, 0x000001d89e9d3fb0, 0x000001d89e9d0b30,
0x000001d89e9ce3d0, 0x000001d89e9d1850
}

Java Threads: ( => current thread )
  0x000001d8faef9930 JavaThread "main"                              [_thread_blocked, id=5200, stack(0x0000001787700000,0x0000001787800000) (1024K)]
  0x000001d8961c2510 JavaThread "Reference Handler"          daemon [_thread_blocked, id=2660, stack(0x0000001787f00000,0x0000001788000000) (1024K)]
  0x000001d8961c5640 JavaThread "Finalizer"                  daemon [_thread_blocked, id=19336, stack(0x0000001788000000,0x0000001788100000) (1024K)]
  0x000001d8961c6f00 JavaThread "Signal Dispatcher"          daemon [_thread_blocked, id=16840, stack(0x0000001788100000,0x0000001788200000) (1024K)]
  0x000001d8961aaaf0 JavaThread "Attach Listener"            daemon [_thread_blocked, id=8952, stack(0x0000001788200000,0x0000001788300000) (1024K)]
  0x000001d8961ac560 JavaThread "Service Thread"             daemon [_thread_blocked, id=15432, stack(0x0000001788300000,0x0000001788400000) (1024K)]
  0x000001d8961acfc0 JavaThread "Monitor Deflation Thread"   daemon [_thread_blocked, id=1904, stack(0x0000001788400000,0x0000001788500000) (1024K)]
  0x000001d8961b1250 JavaThread "C2 CompilerThread0"         daemon [_thread_in_native, id=11216, stack(0x0000001788500000,0x0000001788600000) (1024K)]
  0x000001d8961d4c90 JavaThread "C1 CompilerThread0"         daemon [_thread_blocked, id=16520, stack(0x0000001788600000,0x0000001788700000) (1024K)]
  0x000001d8962e5010 JavaThread "Common-Cleaner"             daemon [_thread_blocked, id=16596, stack(0x0000001788700000,0x0000001788800000) (1024K)]
  0x000001d8961d5a30 JavaThread "C1 CompilerThread1"         daemon [_thread_blocked, id=13204, stack(0x0000001788800000,0x0000001788900000) (1024K)]
  0x000001d8961d3ef0 JavaThread "C1 CompilerThread2"         daemon [_thread_blocked, id=16980, stack(0x0000001788900000,0x0000001788a00000) (1024K)]
  0x000001d896616d00 JavaThread "Notification Thread"        daemon [_thread_blocked, id=4760, stack(0x0000001788a00000,0x0000001788b00000) (1024K)]
=>0x000001d8961d6100 JavaThread "C2 CompilerThread1"         daemon [_thread_in_native, id=17668, stack(0x0000001788b00000,0x0000001788c00000) (1024K)]
  0x000001d8961d45c0 JavaThread "C2 CompilerThread2"         daemon [_thread_in_native, id=12624, stack(0x0000001788c00000,0x0000001788d00000) (1024K)]
  0x000001d8961d67d0 JavaThread "C2 CompilerThread3"         daemon [_thread_in_native, id=12460, stack(0x0000001788d00000,0x0000001788e00000) (1024K)]
  0x000001d8961d5360 JavaThread "C1 CompilerThread3"         daemon [_thread_blocked, id=11740, stack(0x0000001789400000,0x0000001789500000) (1024K)]
  0x000001d89c2bf090 JavaThread "Daemon health stats"               [_thread_blocked, id=14592, stack(0x0000001788e00000,0x0000001788f00000) (1024K)]
  0x000001d89c4df5b0 JavaThread "Incoming local TCP Connector on port 57995"        [_thread_in_native, id=17288, stack(0x0000001789500000,0x0000001789600000) (1024K)]
  0x000001d89c6f7920 JavaThread "Daemon periodic checks"            [_thread_blocked, id=18024, stack(0x0000001789600000,0x0000001789700000) (1024K)]
  0x000001d89c4dd690 JavaThread "Daemon"                            [_thread_blocked, id=14672, stack(0x0000001789700000,0x0000001789800000) (1024K)]
  0x000001d89c4ddd00 JavaThread "Handler for socket connection from /127.0.0.1:57995 to /127.0.0.1:57996"        [_thread_in_native, id=11352, stack(0x0000001789800000,0x0000001789900000) (1024K)]
  0x000001d89c5625f0 JavaThread "Cancel handler"                    [_thread_blocked, id=9024, stack(0x0000001789900000,0x0000001789a00000) (1024K)]
  0x000001d89c566b80 JavaThread "Daemon worker"                     [_thread_in_vm, id=17612, stack(0x0000001789a00000,0x0000001789b00000) (1024K)]
  0x000001d89c2f49d0 JavaThread "Asynchronous log dispatcher for DefaultDaemonConnection: socket connection from /127.0.0.1:57995 to /127.0.0.1:57996"        [_thread_blocked, id=19016, stack(0x0000001789b00000,0x0000001789c00000) (1024K)]
  0x000001d89c2f56f0 JavaThread "Stdin handler"                     [_thread_blocked, id=3744, stack(0x0000001789c00000,0x0000001789d00000) (1024K)]
  0x000001d89c2f5d80 JavaThread "Daemon client event forwarder"        [_thread_blocked, id=17180, stack(0x0000001789d00000,0x0000001789e00000) (1024K)]
  0x000001d89c2f6410 JavaThread "Cache worker for journal cache (D:\gradle\caches\journal-1)"        [_thread_blocked, id=19344, stack(0x000000178a700000,0x000000178a800000) (1024K)]
  0x000001d89c2f6aa0 JavaThread "File lock request listener"        [_thread_in_native, id=5676, stack(0x000000178a800000,0x000000178a900000) (1024K)]
  0x000001d89c2f7130 JavaThread "Cache worker for file hash cache (D:\gradle\caches\8.9\fileHashes)"        [_thread_blocked, id=2280, stack(0x000000178a900000,0x000000178aa00000) (1024K)]
  0x000001d89c2f77c0 JavaThread "Cache worker for file hash cache (D:\programing\android\MyAlarmClock\.gradle\8.9\fileHashes)"        [_thread_blocked, id=2040, stack(0x000000178aa00000,0x000000178ab00000) (1024K)]
  0x000001d89e9cfe10 JavaThread "Cache worker for Build Output Cleanup Cache (D:\programing\android\MyAlarmClock\.gradle\buildOutputCleanup)"        [_thread_blocked, id=9680, stack(0x000000178ab00000,0x000000178ac00000) (1024K)]
  0x000001d89e9d3290 JavaThread "File watcher server"        daemon [_thread_in_native, id=6576, stack(0x000000178ac00000,0x000000178ad00000) (1024K)]
  0x000001d89e9cdd40 JavaThread "File watcher consumer"      daemon [_thread_blocked, id=5172, stack(0x000000178ad00000,0x000000178ae00000) (1024K)]
  0x000001d89e9d3fb0 JavaThread "Cache worker for checksums cache (D:\programing\android\MyAlarmClock\.gradle\8.9\checksums)"        [_thread_blocked, id=6368, stack(0x000000178ae00000,0x000000178af00000) (1024K)]
  0x000001d89e9d0b30 JavaThread "Cache worker for file content cache (D:\gradle\caches\8.9\fileContent)"        [_thread_blocked, id=19288, stack(0x000000178af00000,0x000000178b000000) (1024K)]
  0x000001d89e9ce3d0 JavaThread "Cache worker for cache directory md-rule (D:\gradle\caches\8.9\md-rule)"        [_thread_blocked, id=17876, stack(0x000000178b000000,0x000000178b100000) (1024K)]
  0x000001d89e9d1850 JavaThread "Cache worker for cache directory md-supplier (D:\gradle\caches\8.9\md-supplier)"        [_thread_blocked, id=18932, stack(0x000000178b100000,0x000000178b200000) (1024K)]
Total: 38

Other Threads:
  0x000001d896100a00 VMThread "VM Thread"                           [id=2200, stack(0x0000001787e00000,0x0000001787f00000) (1024K)]
  0x000001d8ff357980 WatcherThread "VM Periodic Task Thread"        [id=18252, stack(0x0000001787d00000,0x0000001787e00000) (1024K)]
  0x000001d8fd2a5810 WorkerThread "GC Thread#0"                     [id=16700, stack(0x0000001787800000,0x0000001787900000) (1024K)]
  0x000001d89b380290 WorkerThread "GC Thread#1"                     [id=19552, stack(0x0000001788f00000,0x0000001789000000) (1024K)]
  0x000001d89b6087e0 WorkerThread "GC Thread#2"                     [id=19652, stack(0x0000001789000000,0x0000001789100000) (1024K)]
  0x000001d89b8fde20 WorkerThread "GC Thread#3"                     [id=15148, stack(0x0000001789100000,0x0000001789200000) (1024K)]
  0x000001d89b8e23f0 WorkerThread "GC Thread#4"                     [id=5268, stack(0x0000001789200000,0x0000001789300000) (1024K)]
  0x000001d89b640750 WorkerThread "GC Thread#5"                     [id=20064, stack(0x0000001789300000,0x0000001789400000) (1024K)]
  0x000001d89c4ca0f0 WorkerThread "GC Thread#6"                     [id=12592, stack(0x0000001789e00000,0x0000001789f00000) (1024K)]
  0x000001d89c4cabd0 WorkerThread "GC Thread#7"                     [id=18168, stack(0x0000001789f00000,0x000000178a000000) (1024K)]
  0x000001d89c4ca490 WorkerThread "GC Thread#8"                     [id=19240, stack(0x000000178a000000,0x000000178a100000) (1024K)]
  0x000001d89c4ca830 WorkerThread "GC Thread#9"                     [id=7672, stack(0x000000178a100000,0x000000178a200000) (1024K)]
  0x000001d89c4c9270 WorkerThread "GC Thread#10"                    [id=16728, stack(0x000000178a200000,0x000000178a300000) (1024K)]
  0x000001d89c4c9610 WorkerThread "GC Thread#11"                    [id=12600, stack(0x000000178a300000,0x000000178a400000) (1024K)]
  0x000001d89c4c99b0 WorkerThread "GC Thread#12"                    [id=2436, stack(0x000000178a400000,0x000000178a500000) (1024K)]
  0x000001d8fd2b8110 ConcurrentGCThread "G1 Main Marker"            [id=19608, stack(0x0000001787900000,0x0000001787a00000) (1024K)]
  0x000001d8fd2b8c10 WorkerThread "G1 Conc#0"                       [id=9860, stack(0x0000001787a00000,0x0000001787b00000) (1024K)]
  0x000001d89c4c9d50 WorkerThread "G1 Conc#1"                       [id=16432, stack(0x000000178a500000,0x000000178a600000) (1024K)]
  0x000001d89c623800 WorkerThread "G1 Conc#2"                       [id=2992, stack(0x000000178a600000,0x000000178a700000) (1024K)]
  0x000001d8ff22be90 ConcurrentGCThread "G1 Refine#0"               [id=8956, stack(0x0000001787b00000,0x0000001787c00000) (1024K)]
  0x000001d8ff22c6b0 ConcurrentGCThread "G1 Service"                [id=17784, stack(0x0000001787c00000,0x0000001787d00000) (1024K)]
Total: 21

Threads with active compile tasks:
C2 CompilerThread0     3242 4399       4       jdk.internal.jimage.ImageLocation::getFullName (109 bytes)
C2 CompilerThread1     3243 4396       4       java.util.regex.Pattern::compile (537 bytes)
C2 CompilerThread2     3243 4417       4       java.lang.String::split (148 bytes)
C2 CompilerThread3     3243 4410       4       java.util.regex.Pattern::split (325 bytes)
Total: 4

VM state: not at safepoint (normal execution)

VM Mutex/Monitor currently owned by a thread:  ([mutex/lock_event])
[0x00007fff6c1dfec8] Metaspace_lock - owner thread: 0x000001d89c566b80

Heap address: 0x0000000080000000, size: 2048 MB, Compressed Oops mode: 32-bit

CDS archive(s) not mapped
Compressed class space mapped at: 0x0000000100000000-0x0000000140000000, reserved size: 1073741824
Narrow klass base: 0x0000000000000000, Narrow klass shift: 3, Narrow klass range: 0x140000000

GC Precious Log:
 CardTable entry size: 512
 Card Set container configuration: InlinePtr #cards 5 size 8 Array Of Cards #cards 12 size 40 Howl #buckets 4 coarsen threshold 1843 Howl Bitmap #cards 512 size 80 coarsen threshold 460 Card regions per heap region 1 cards per card region 2048
 CPUs: 16 total, 16 available
 Memory: 16052M
 Large Page Support: Disabled
 NUMA Support: Disabled
 Compressed Oops: Enabled (32-bit)
 Heap Region Size: 1M
 Heap Min Capacity: 8M
 Heap Initial Capacity: 252M
 Heap Max Capacity: 2G
 Pre-touch: Disabled
 Parallel Workers: 13
 Concurrent Workers: 3
 Concurrent Refinement Workers: 13
 Periodic GC: Disabled

Heap:
 garbage-first heap   total 114688K, used 54109K [0x0000000080000000, 0x0000000100000000)
  region size 1024K, 31 young (31744K), 7 survivors (7168K)
 Metaspace       used 45670K, committed 46784K, reserved 1114112K
  class space    used 6103K, committed 6656K, reserved 1048576K

Heap Regions: E=young(eden), S=young(survivor), O=old, HS=humongous(starts), HC=humongous(continues), CS=collection set, F=free, TAMS=top-at-mark-start, PB=parsable bottom
|   0|0x0000000080000000, 0x0000000080100000, 0x0000000080100000|100%|HS|  |TAMS 0x0000000080000000| PB 0x0000000080000000| Complete 
|   1|0x0000000080100000, 0x0000000080200000, 0x0000000080200000|100%|HC|  |TAMS 0x0000000080100000| PB 0x0000000080100000| Complete 
|   2|0x0000000080200000, 0x0000000080300000, 0x0000000080300000|100%|HC|  |TAMS 0x0000000080200000| PB 0x0000000080200000| Complete 
|   3|0x0000000080300000, 0x0000000080400000, 0x0000000080400000|100%|HC|  |TAMS 0x0000000080300000| PB 0x0000000080300000| Complete 
|   4|0x0000000080400000, 0x0000000080500000, 0x0000000080500000|100%| O|  |TAMS 0x0000000080400000| PB 0x0000000080400000| Untracked 
|   5|0x0000000080500000, 0x0000000080600000, 0x0000000080600000|100%| O|  |TAMS 0x0000000080500000| PB 0x0000000080500000| Untracked 
|   6|0x0000000080600000, 0x0000000080700000, 0x0000000080700000|100%| O|  |TAMS 0x0000000080600000| PB 0x0000000080600000| Untracked 
|   7|0x0000000080700000, 0x0000000080800000, 0x0000000080800000|100%| O|  |TAMS 0x0000000080700000| PB 0x0000000080700000| Untracked 
|   8|0x0000000080800000, 0x0000000080900000, 0x0000000080900000|100%| O|  |TAMS 0x0000000080800000| PB 0x0000000080800000| Untracked 
|   9|0x0000000080900000, 0x0000000080a00000, 0x0000000080a00000|100%| O|  |TAMS 0x0000000080900000| PB 0x0000000080900000| Untracked 
|  10|0x0000000080a00000, 0x0000000080b00000, 0x0000000080b00000|100%| O|  |TAMS 0x0000000080a00000| PB 0x0000000080a00000| Untracked 
|  11|0x0000000080b00000, 0x0000000080c00000, 0x0000000080c00000|100%|HS|  |TAMS 0x0000000080b00000| PB 0x0000000080b00000| Complete 
|  12|0x0000000080c00000, 0x0000000080d00000, 0x0000000080d00000|100%| O|  |TAMS 0x0000000080c00000| PB 0x0000000080c00000| Untracked 
|  13|0x0000000080d00000, 0x0000000080e00000, 0x0000000080e00000|100%| O|  |TAMS 0x0000000080d00000| PB 0x0000000080d00000| Untracked 
|  14|0x0000000080e00000, 0x0000000080f00000, 0x0000000080f00000|100%| O|  |TAMS 0x0000000080e00000| PB 0x0000000080e00000| Untracked 
|  15|0x0000000080f00000, 0x0000000081000000, 0x0000000081000000|100%| O|  |TAMS 0x0000000080f00000| PB 0x0000000080f00000| Untracked 
|  16|0x0000000081000000, 0x0000000081100000, 0x0000000081100000|100%| O|  |TAMS 0x0000000081000000| PB 0x0000000081000000| Untracked 
|  17|0x0000000081100000, 0x0000000081200000, 0x0000000081200000|100%| O|  |TAMS 0x0000000081100000| PB 0x0000000081100000| Untracked 
|  18|0x0000000081200000, 0x0000000081300000, 0x0000000081300000|100%| O|  |TAMS 0x0000000081200000| PB 0x0000000081200000| Untracked 
|  19|0x0000000081300000, 0x0000000081400000, 0x0000000081400000|100%| O|  |TAMS 0x0000000081300000| PB 0x0000000081300000| Untracked 
|  20|0x0000000081400000, 0x0000000081500000, 0x0000000081500000|100%| O|Cm|TAMS 0x0000000081400000| PB 0x0000000081400000| Complete 
|  21|0x0000000081500000, 0x0000000081600000, 0x0000000081600000|100%| O|  |TAMS 0x0000000081500000| PB 0x0000000081500000| Untracked 
|  22|0x0000000081600000, 0x0000000081700000, 0x0000000081700000|100%| O|  |TAMS 0x0000000081600000| PB 0x0000000081600000| Untracked 
|  23|0x0000000081700000, 0x000000008179e7b0, 0x0000000081800000| 61%| O|  |TAMS 0x0000000081700000| PB 0x0000000081700000| Untracked 
|  24|0x0000000081800000, 0x0000000081800000, 0x0000000081900000|  0%| F|  |TAMS 0x0000000081800000| PB 0x0000000081800000| Untracked 
|  25|0x0000000081900000, 0x0000000081900000, 0x0000000081a00000|  0%| F|  |TAMS 0x0000000081900000| PB 0x0000000081900000| Untracked 
|  26|0x0000000081a00000, 0x0000000081a00000, 0x0000000081b00000|  0%| F|  |TAMS 0x0000000081a00000| PB 0x0000000081a00000| Untracked 
|  27|0x0000000081b00000, 0x0000000081b00000, 0x0000000081c00000|  0%| F|  |TAMS 0x0000000081b00000| PB 0x0000000081b00000| Untracked 
|  28|0x0000000081c00000, 0x0000000081c00000, 0x0000000081d00000|  0%| F|  |TAMS 0x0000000081c00000| PB 0x0000000081c00000| Untracked 
|  29|0x0000000081d00000, 0x0000000081d00000, 0x0000000081e00000|  0%| F|  |TAMS 0x0000000081d00000| PB 0x0000000081d00000| Untracked 
|  30|0x0000000081e00000, 0x0000000081e00000, 0x0000000081f00000|  0%| F|  |TAMS 0x0000000081e00000| PB 0x0000000081e00000| Untracked 
|  31|0x0000000081f00000, 0x0000000081f00000, 0x0000000082000000|  0%| F|  |TAMS 0x0000000081f00000| PB 0x0000000081f00000| Untracked 
|  32|0x0000000082000000, 0x0000000082000000, 0x0000000082100000|  0%| F|  |TAMS 0x0000000082000000| PB 0x0000000082000000| Untracked 
|  33|0x0000000082100000, 0x0000000082138f68, 0x0000000082200000| 22%| S|CS|TAMS 0x0000000082100000| PB 0x0000000082100000| Complete 
|  34|0x0000000082200000, 0x0000000082300000, 0x0000000082300000|100%| S|CS|TAMS 0x0000000082200000| PB 0x0000000082200000| Complete 
|  35|0x0000000082300000, 0x0000000082400000, 0x0000000082400000|100%| S|CS|TAMS 0x0000000082300000| PB 0x0000000082300000| Complete 
|  36|0x0000000082400000, 0x0000000082500000, 0x0000000082500000|100%| S|CS|TAMS 0x0000000082400000| PB 0x0000000082400000| Complete 
|  37|0x0000000082500000, 0x0000000082600000, 0x0000000082600000|100%| S|CS|TAMS 0x0000000082500000| PB 0x0000000082500000| Complete 
|  38|0x0000000082600000, 0x0000000082700000, 0x0000000082700000|100%| S|CS|TAMS 0x0000000082600000| PB 0x0000000082600000| Complete 
|  39|0x0000000082700000, 0x0000000082800000, 0x0000000082800000|100%| S|CS|TAMS 0x0000000082700000| PB 0x0000000082700000| Complete 
|  40|0x0000000082800000, 0x0000000082800000, 0x0000000082900000|  0%| F|  |TAMS 0x0000000082800000| PB 0x0000000082800000| Untracked 
|  41|0x0000000082900000, 0x0000000082900000, 0x0000000082a00000|  0%| F|  |TAMS 0x0000000082900000| PB 0x0000000082900000| Untracked 
|  42|0x0000000082a00000, 0x0000000082a00000, 0x0000000082b00000|  0%| F|  |TAMS 0x0000000082a00000| PB 0x0000000082a00000| Untracked 
|  43|0x0000000082b00000, 0x0000000082b00000, 0x0000000082c00000|  0%| F|  |TAMS 0x0000000082b00000| PB 0x0000000082b00000| Untracked 
|  44|0x0000000082c00000, 0x0000000082c00000, 0x0000000082d00000|  0%| F|  |TAMS 0x0000000082c00000| PB 0x0000000082c00000| Untracked 
|  45|0x0000000082d00000, 0x0000000082d00000, 0x0000000082e00000|  0%| F|  |TAMS 0x0000000082d00000| PB 0x0000000082d00000| Untracked 
|  46|0x0000000082e00000, 0x0000000082e00000, 0x0000000082f00000|  0%| F|  |TAMS 0x0000000082e00000| PB 0x0000000082e00000| Untracked 
|  47|0x0000000082f00000, 0x0000000082f00000, 0x0000000083000000|  0%| F|  |TAMS 0x0000000082f00000| PB 0x0000000082f00000| Untracked 
|  48|0x0000000083000000, 0x0000000083000000, 0x0000000083100000|  0%| F|  |TAMS 0x0000000083000000| PB 0x0000000083000000| Untracked 
|  49|0x0000000083100000, 0x0000000083100000, 0x0000000083200000|  0%| F|  |TAMS 0x0000000083100000| PB 0x0000000083100000| Untracked 
|  50|0x0000000083200000, 0x0000000083200000, 0x0000000083300000|  0%| F|  |TAMS 0x0000000083200000| PB 0x0000000083200000| Untracked 
|  51|0x0000000083300000, 0x0000000083300000, 0x0000000083400000|  0%| F|  |TAMS 0x0000000083300000| PB 0x0000000083300000| Untracked 
|  52|0x0000000083400000, 0x0000000083400000, 0x0000000083500000|  0%| F|  |TAMS 0x0000000083400000| PB 0x0000000083400000| Untracked 
|  53|0x0000000083500000, 0x0000000083500000, 0x0000000083600000|  0%| F|  |TAMS 0x0000000083500000| PB 0x0000000083500000| Untracked 
|  54|0x0000000083600000, 0x0000000083600000, 0x0000000083700000|  0%| F|  |TAMS 0x0000000083600000| PB 0x0000000083600000| Untracked 
|  55|0x0000000083700000, 0x0000000083700000, 0x0000000083800000|  0%| F|  |TAMS 0x0000000083700000| PB 0x0000000083700000| Untracked 
|  56|0x0000000083800000, 0x0000000083800000, 0x0000000083900000|  0%| F|  |TAMS 0x0000000083800000| PB 0x0000000083800000| Untracked 
|  57|0x0000000083900000, 0x0000000083900000, 0x0000000083a00000|  0%| F|  |TAMS 0x0000000083900000| PB 0x0000000083900000| Untracked 
|  58|0x0000000083a00000, 0x0000000083a00000, 0x0000000083b00000|  0%| F|  |TAMS 0x0000000083a00000| PB 0x0000000083a00000| Untracked 
|  59|0x0000000083b00000, 0x0000000083b00000, 0x0000000083c00000|  0%| F|  |TAMS 0x0000000083b00000| PB 0x0000000083b00000| Untracked 
|  60|0x0000000083c00000, 0x0000000083c00000, 0x0000000083d00000|  0%| F|  |TAMS 0x0000000083c00000| PB 0x0000000083c00000| Untracked 
|  61|0x0000000083d00000, 0x0000000083d00000, 0x0000000083e00000|  0%| F|  |TAMS 0x0000000083d00000| PB 0x0000000083d00000| Untracked 
|  62|0x0000000083e00000, 0x0000000083e00000, 0x0000000083f00000|  0%| F|  |TAMS 0x0000000083e00000| PB 0x0000000083e00000| Untracked 
|  63|0x0000000083f00000, 0x0000000083f00000, 0x0000000084000000|  0%| F|  |TAMS 0x0000000083f00000| PB 0x0000000083f00000| Untracked 
|  64|0x0000000084000000, 0x0000000084000000, 0x0000000084100000|  0%| F|  |TAMS 0x0000000084000000| PB 0x0000000084000000| Untracked 
|  65|0x0000000084100000, 0x0000000084100000, 0x0000000084200000|  0%| F|  |TAMS 0x0000000084100000| PB 0x0000000084100000| Untracked 
|  66|0x0000000084200000, 0x0000000084200000, 0x0000000084300000|  0%| F|  |TAMS 0x0000000084200000| PB 0x0000000084200000| Untracked 
|  67|0x0000000084300000, 0x0000000084300000, 0x0000000084400000|  0%| F|  |TAMS 0x0000000084300000| PB 0x0000000084300000| Untracked 
|  68|0x0000000084400000, 0x0000000084400000, 0x0000000084500000|  0%| F|  |TAMS 0x0000000084400000| PB 0x0000000084400000| Untracked 
|  69|0x0000000084500000, 0x0000000084500000, 0x0000000084600000|  0%| F|  |TAMS 0x0000000084500000| PB 0x0000000084500000| Untracked 
|  70|0x0000000084600000, 0x0000000084600000, 0x0000000084700000|  0%| F|  |TAMS 0x0000000084600000| PB 0x0000000084600000| Untracked 
|  71|0x0000000084700000, 0x0000000084700000, 0x0000000084800000|  0%| F|  |TAMS 0x0000000084700000| PB 0x0000000084700000| Untracked 
|  72|0x0000000084800000, 0x0000000084800000, 0x0000000084900000|  0%| F|  |TAMS 0x0000000084800000| PB 0x0000000084800000| Untracked 
|  73|0x0000000084900000, 0x0000000084900000, 0x0000000084a00000|  0%| F|  |TAMS 0x0000000084900000| PB 0x0000000084900000| Untracked 
|  74|0x0000000084a00000, 0x0000000084a00000, 0x0000000084b00000|  0%| F|  |TAMS 0x0000000084a00000| PB 0x0000000084a00000| Untracked 
|  75|0x0000000084b00000, 0x0000000084b00000, 0x0000000084c00000|  0%| F|  |TAMS 0x0000000084b00000| PB 0x0000000084b00000| Untracked 
|  76|0x0000000084c00000, 0x0000000084c00000, 0x0000000084d00000|  0%| F|  |TAMS 0x0000000084c00000| PB 0x0000000084c00000| Untracked 
|  77|0x0000000084d00000, 0x0000000084d00000, 0x0000000084e00000|  0%| F|  |TAMS 0x0000000084d00000| PB 0x0000000084d00000| Untracked 
|  78|0x0000000084e00000, 0x0000000084e00000, 0x0000000084f00000|  0%| F|  |TAMS 0x0000000084e00000| PB 0x0000000084e00000| Untracked 
|  79|0x0000000084f00000, 0x0000000084f00000, 0x0000000085000000|  0%| F|  |TAMS 0x0000000084f00000| PB 0x0000000084f00000| Untracked 
|  80|0x0000000085000000, 0x0000000085000000, 0x0000000085100000|  0%| F|  |TAMS 0x0000000085000000| PB 0x0000000085000000| Untracked 
|  81|0x0000000085100000, 0x0000000085100000, 0x0000000085200000|  0%| F|  |TAMS 0x0000000085100000| PB 0x0000000085100000| Untracked 
|  82|0x0000000085200000, 0x0000000085200000, 0x0000000085300000|  0%| F|  |TAMS 0x0000000085200000| PB 0x0000000085200000| Untracked 
|  83|0x0000000085300000, 0x0000000085300000, 0x0000000085400000|  0%| F|  |TAMS 0x0000000085300000| PB 0x0000000085300000| Untracked 
|  84|0x0000000085400000, 0x0000000085400000, 0x0000000085500000|  0%| F|  |TAMS 0x0000000085400000| PB 0x0000000085400000| Untracked 
|  85|0x0000000085500000, 0x0000000085500000, 0x0000000085600000|  0%| F|  |TAMS 0x0000000085500000| PB 0x0000000085500000| Untracked 
|  86|0x0000000085600000, 0x0000000085600000, 0x0000000085700000|  0%| F|  |TAMS 0x0000000085600000| PB 0x0000000085600000| Untracked 
|  87|0x0000000085700000, 0x0000000085700000, 0x0000000085800000|  0%| F|  |TAMS 0x0000000085700000| PB 0x0000000085700000| Untracked 
|  88|0x0000000085800000, 0x0000000085900000, 0x0000000085900000|100%| E|  |TAMS 0x0000000085800000| PB 0x0000000085800000| Complete 
|  89|0x0000000085900000, 0x0000000085a00000, 0x0000000085a00000|100%| E|CS|TAMS 0x0000000085900000| PB 0x0000000085900000| Complete 
|  90|0x0000000085a00000, 0x0000000085b00000, 0x0000000085b00000|100%| E|CS|TAMS 0x0000000085a00000| PB 0x0000000085a00000| Complete 
|  91|0x0000000085b00000, 0x0000000085c00000, 0x0000000085c00000|100%| E|CS|TAMS 0x0000000085b00000| PB 0x0000000085b00000| Complete 
|  92|0x0000000085c00000, 0x0000000085d00000, 0x0000000085d00000|100%| E|CS|TAMS 0x0000000085c00000| PB 0x0000000085c00000| Complete 
|  93|0x0000000085d00000, 0x0000000085e00000, 0x0000000085e00000|100%| E|CS|TAMS 0x0000000085d00000| PB 0x0000000085d00000| Complete 
|  94|0x0000000085e00000, 0x0000000085f00000, 0x0000000085f00000|100%| E|CS|TAMS 0x0000000085e00000| PB 0x0000000085e00000| Complete 
|  95|0x0000000085f00000, 0x0000000086000000, 0x0000000086000000|100%| E|CS|TAMS 0x0000000085f00000| PB 0x0000000085f00000| Complete 
|  96|0x0000000086000000, 0x0000000086100000, 0x0000000086100000|100%| E|CS|TAMS 0x0000000086000000| PB 0x0000000086000000| Complete 
|  97|0x0000000086100000, 0x0000000086200000, 0x0000000086200000|100%| E|CS|TAMS 0x0000000086100000| PB 0x0000000086100000| Complete 
|  98|0x0000000086200000, 0x0000000086300000, 0x0000000086300000|100%| E|CS|TAMS 0x0000000086200000| PB 0x0000000086200000| Complete 
|  99|0x0000000086300000, 0x0000000086400000, 0x0000000086400000|100%| E|CS|TAMS 0x0000000086300000| PB 0x0000000086300000| Complete 
| 178|0x000000008b200000, 0x000000008b300000, 0x000000008b300000|100%| E|CS|TAMS 0x000000008b200000| PB 0x000000008b200000| Complete 
| 179|0x000000008b300000, 0x000000008b400000, 0x000000008b400000|100%| E|CS|TAMS 0x000000008b300000| PB 0x000000008b300000| Complete 
| 180|0x000000008b400000, 0x000000008b500000, 0x000000008b500000|100%| E|CS|TAMS 0x000000008b400000| PB 0x000000008b400000| Complete 
| 181|0x000000008b500000, 0x000000008b600000, 0x000000008b600000|100%| E|CS|TAMS 0x000000008b500000| PB 0x000000008b500000| Complete 
| 182|0x000000008b600000, 0x000000008b700000, 0x000000008b700000|100%| E|CS|TAMS 0x000000008b600000| PB 0x000000008b600000| Complete 
| 183|0x000000008b700000, 0x000000008b800000, 0x000000008b800000|100%| E|CS|TAMS 0x000000008b700000| PB 0x000000008b700000| Complete 
| 184|0x000000008b800000, 0x000000008b900000, 0x000000008b900000|100%| E|CS|TAMS 0x000000008b800000| PB 0x000000008b800000| Complete 
| 185|0x000000008b900000, 0x000000008ba00000, 0x000000008ba00000|100%| E|CS|TAMS 0x000000008b900000| PB 0x000000008b900000| Complete 
| 186|0x000000008ba00000, 0x000000008bb00000, 0x000000008bb00000|100%| E|CS|TAMS 0x000000008ba00000| PB 0x000000008ba00000| Complete 
| 187|0x000000008bb00000, 0x000000008bc00000, 0x000000008bc00000|100%| E|CS|TAMS 0x000000008bb00000| PB 0x000000008bb00000| Complete 
| 250|0x000000008fa00000, 0x000000008fb00000, 0x000000008fb00000|100%| E|CS|TAMS 0x000000008fa00000| PB 0x000000008fa00000| Complete 
| 251|0x000000008fb00000, 0x000000008fc00000, 0x000000008fc00000|100%| E|CS|TAMS 0x000000008fb00000| PB 0x000000008fb00000| Complete 

Card table byte_map: [0x000001d8fdf90000,0x000001d8fe390000] _byte_map_base: 0x000001d8fdb90000

Marking Bits: (CMBitMap*) 0x000001d8fd2a5f10
 Bits: [0x000001d892080000, 0x000001d894080000)

Polling page: 0x000001d8fb1f0000

Metaspace:

Usage:
  Non-class:     38.64 MB used.
      Class:      5.96 MB used.
       Both:     44.60 MB used.

Virtual space:
  Non-class space:       64.00 MB reserved,      39.19 MB ( 61%) committed,  1 nodes.
      Class space:        1.00 GB reserved,       6.50 MB ( <1%) committed,  1 nodes.
             Both:        1.06 GB reserved,      45.69 MB (  4%) committed. 

Chunk freelists:
   Non-Class:  8.17 MB
       Class:  9.45 MB
        Both:  17.62 MB

MaxMetaspaceSize: unlimited
CompressedClassSpaceSize: 1.00 GB
Initial GC threshold: 21.00 MB
Current GC threshold: 59.19 MB
CDS: off
 - commit_granule_bytes: 65536.
 - commit_granule_words: 8192.
 - virtual_space_node_default_size: 8388608.
 - enlarge_chunks_in_place: 1.
 - use_allocation_guard: 0.


Internal statistics:

num_allocs_failed_limit: 9.
num_arena_births: 2058.
num_arena_deaths: 0.
num_vsnodes_births: 2.
num_vsnodes_deaths: 0.
num_space_committed: 731.
num_space_uncommitted: 0.
num_chunks_returned_to_freelist: 9.
num_chunks_taken_from_freelist: 3643.
num_chunk_merges: 9.
num_chunk_splits: 2380.
num_chunks_enlarged: 1476.
num_inconsistent_stats: 0.

CodeHeap 'non-profiled nmethods': size=119168Kb used=2126Kb max_used=2126Kb free=117041Kb
 bounds [0x000001d88ac20000, 0x000001d88ae90000, 0x000001d892080000]
CodeHeap 'profiled nmethods': size=119104Kb used=8048Kb max_used=8048Kb free=111055Kb
 bounds [0x000001d883080000, 0x000001d883860000, 0x000001d88a4d0000]
CodeHeap 'non-nmethods': size=7488Kb used=3582Kb max_used=3610Kb free=3905Kb
 bounds [0x000001d88a4d0000, 0x000001d88a860000, 0x000001d88ac20000]
 total_blobs=4731 nmethods=4044 adapters=588
 compilation: enabled
              stopped_count=0, restarted_count=0
 full_count=0

Compilation events (20 events):
Event: 3.207 Thread 0x000001d8961d67d0 4404       4       java.util.stream.ReferencePipeline$2$1::accept (27 bytes)
Event: 3.207 Thread 0x000001d8961d45c0 4405       4       java.util.ArrayList$SubList::toArray (79 bytes)
Event: 3.207 Thread 0x000001d8961d67d0 nmethod 4404 0x000001d88ae2fd90 code [0x000001d88ae2ff20, 0x000001d88ae30020]
Event: 3.207 Thread 0x000001d8961d67d0 4406       4       java.util.stream.ReferencePipeline$3$1::accept (23 bytes)
Event: 3.208 Thread 0x000001d8961d67d0 nmethod 4406 0x000001d88ae30110 code [0x000001d88ae302a0, 0x000001d88ae30390]
Event: 3.208 Thread 0x000001d8961d67d0 4407       4       java.lang.StringCoding::hasNegatives (16 bytes)
Event: 3.208 Thread 0x000001d8961d45c0 nmethod 4405 0x000001d88ae30490 code [0x000001d88ae30640, 0x000001d88ae30908]
Event: 3.208 Thread 0x000001d8961d67d0 nmethod 4407 0x000001d88ae30a90 code [0x000001d88ae30c20, 0x000001d88ae30dd0]
Event: 3.210 Thread 0x000001d8961d45c0 4408       4       java.util.HashMap::computeIfAbsent (330 bytes)
Event: 3.210 Thread 0x000001d8961d67d0 4409       4       java.util.stream.Sink$ChainedReference::cancellationRequested (10 bytes)
Event: 3.211 Thread 0x000001d8961d67d0 nmethod 4409 0x000001d88ae30e90 code [0x000001d88ae31040, 0x000001d88ae31180]
Event: 3.211 Thread 0x000001d8961d67d0 4410       4       java.util.regex.Pattern::split (325 bytes)
Event: 3.214 Thread 0x000001d8961d4c90 4412       1       jdk.internal.jimage.ImageReader$Directory::isDirectory (2 bytes)
Event: 3.214 Thread 0x000001d8961d5a30 4413       1       jdk.internal.jimage.ImageReader$Node::isCompleted (5 bytes)
Event: 3.214 Thread 0x000001d8961d5a30 nmethod 4413 0x000001d88ae31290 code [0x000001d88ae31420, 0x000001d88ae314f0]
Event: 3.214 Thread 0x000001d8961d4c90 nmethod 4412 0x000001d88ae31590 code [0x000001d88ae31720, 0x000001d88ae317e8]
Event: 3.214 Thread 0x000001d8961d4c90 4414       3       java.nio.MappedByteBuffer::limit (8 bytes)
Event: 3.214 Thread 0x000001d8961d5360 4415       1       java.nio.DirectByteBuffer::attachment (5 bytes)
Event: 3.214 Thread 0x000001d8961d5360 nmethod 4415 0x000001d88ae31890 code [0x000001d88ae31a20, 0x000001d88ae31ae8]
Event: 3.214 Thread 0x000001d8961d4c90 nmethod 4414 0x000001d88383ac90 code [0x000001d88383ae40, 0x000001d88383aff0]

GC Heap History (14 events):
Event: 0.412 GC heap before
{Heap before GC invocations=0 (full 0):
 garbage-first heap   total 258048K, used 26624K [0x0000000080000000, 0x0000000100000000)
  region size 1024K, 23 young (23552K), 0 survivors (0K)
 Metaspace       used 8460K, committed 8640K, reserved 1114112K
  class space    used 777K, committed 832K, reserved 1048576K
}
Event: 0.420 GC heap after
{Heap after GC invocations=1 (full 0):
 garbage-first heap   total 258048K, used 10140K [0x0000000080000000, 0x0000000100000000)
  region size 1024K, 3 young (3072K), 3 survivors (3072K)
 Metaspace       used 8460K, committed 8640K, reserved 1114112K
  class space    used 777K, committed 832K, reserved 1048576K
}
Event: 0.746 GC heap before
{Heap before GC invocations=1 (full 0):
 garbage-first heap   total 258048K, used 39836K [0x0000000080000000, 0x0000000100000000)
  region size 1024K, 32 young (32768K), 3 survivors (3072K)
 Metaspace       used 12140K, committed 12352K, reserved 1114112K
  class space    used 1283K, committed 1408K, reserved 1048576K
}
Event: 0.751 GC heap after
{Heap after GC invocations=2 (full 0):
 garbage-first heap   total 258048K, used 11824K [0x0000000080000000, 0x0000000100000000)
  region size 1024K, 2 young (2048K), 2 survivors (2048K)
 Metaspace       used 12140K, committed 12352K, reserved 1114112K
  class space    used 1283K, committed 1408K, reserved 1048576K
}
Event: 1.503 GC heap before
{Heap before GC invocations=2 (full 0):
 garbage-first heap   total 258048K, used 76336K [0x0000000080000000, 0x0000000100000000)
  region size 1024K, 64 young (65536K), 2 survivors (2048K)
 Metaspace       used 21200K, committed 21504K, reserved 1114112K
  class space    used 2452K, committed 2624K, reserved 1048576K
}
Event: 1.517 GC heap after
{Heap after GC invocations=3 (full 0):
 garbage-first heap   total 258048K, used 20843K [0x0000000080000000, 0x0000000100000000)
  region size 1024K, 10 young (10240K), 10 survivors (10240K)
 Metaspace       used 21200K, committed 21504K, reserved 1114112K
  class space    used 2452K, committed 2624K, reserved 1048576K
}
Event: 2.223 GC heap before
{Heap before GC invocations=4 (full 0):
 garbage-first heap   total 81920K, used 79211K [0x0000000080000000, 0x0000000100000000)
  region size 1024K, 68 young (69632K), 10 survivors (10240K)
 Metaspace       used 30656K, committed 31168K, reserved 1114112K
  class space    used 3971K, committed 4224K, reserved 1048576K
}
Event: 2.236 GC heap after
{Heap after GC invocations=5 (full 0):
 garbage-first heap   total 95232K, used 24268K [0x0000000080000000, 0x0000000100000000)
  region size 1024K, 13 young (13312K), 13 survivors (13312K)
 Metaspace       used 30656K, committed 31168K, reserved 1114112K
  class space    used 3971K, committed 4224K, reserved 1048576K
}
Event: 2.594 GC heap before
{Heap before GC invocations=5 (full 0):
 garbage-first heap   total 95232K, used 58060K [0x0000000080000000, 0x0000000100000000)
  region size 1024K, 47 young (48128K), 13 survivors (13312K)
 Metaspace       used 35212K, committed 35968K, reserved 1114112K
  class space    used 4735K, committed 5120K, reserved 1048576K
}
Event: 2.598 GC heap after
{Heap after GC invocations=6 (full 0):
 garbage-first heap   total 95232K, used 26453K [0x0000000080000000, 0x0000000100000000)
  region size 1024K, 6 young (6144K), 6 survivors (6144K)
 Metaspace       used 35212K, committed 35968K, reserved 1114112K
  class space    used 4735K, committed 5120K, reserved 1048576K
}
Event: 2.625 GC heap before
{Heap before GC invocations=6 (full 0):
 garbage-first heap   total 95232K, used 29525K [0x0000000080000000, 0x0000000100000000)
  region size 1024K, 10 young (10240K), 6 survivors (6144K)
 Metaspace       used 35516K, committed 36288K, reserved 1114112K
  class space    used 4786K, committed 5184K, reserved 1048576K
}
Event: 2.627 GC heap after
{Heap after GC invocations=7 (full 0):
 garbage-first heap   total 95232K, used 26794K [0x0000000080000000, 0x0000000100000000)
  region size 1024K, 3 young (3072K), 3 survivors (3072K)
 Metaspace       used 35516K, committed 36288K, reserved 1114112K
  class space    used 4786K, committed 5184K, reserved 1048576K
}
Event: 3.111 GC heap before
{Heap before GC invocations=8 (full 0):
 garbage-first heap   total 95232K, used 76970K [0x0000000080000000, 0x0000000100000000)
  region size 1024K, 53 young (54272K), 3 survivors (3072K)
 Metaspace       used 44698K, committed 45824K, reserved 1114112K
  class space    used 6006K, committed 6528K, reserved 1048576K
}
Event: 3.114 GC heap after
{Heap after GC invocations=9 (full 0):
 garbage-first heap   total 114688K, used 30557K [0x0000000080000000, 0x0000000100000000)
  region size 1024K, 7 young (7168K), 7 survivors (7168K)
 Metaspace       used 44698K, committed 45824K, reserved 1114112K
  class space    used 6006K, committed 6528K, reserved 1048576K
}

Dll operation events (3 events):
Event: 0.011 Loaded shared library D:\Program Files\Android\Android Studio\jbr\bin\java.dll
Event: 0.025 Loaded shared library D:\Program Files\Android\Android Studio\jbr\bin\zip.dll
Event: 0.390 Loaded shared library D:\Program Files\Android\Android Studio\jbr\bin\verify.dll

Deoptimization events (20 events):
Event: 3.117 Thread 0x000001d89c566b80 DEOPT PACKING pc=0x000001d88ade0ff0 sp=0x0000001789af84a0
Event: 3.117 Thread 0x000001d89c566b80 DEOPT UNPACKING pc=0x000001d88a5246a2 sp=0x0000001789af8420 mode 2
Event: 3.164 Thread 0x000001d89c2bf090 Uncommon trap: trap_request=0xffffffc6 fr.pc=0x000001d88ad040ac relative=0x000000000000016c
Event: 3.164 Thread 0x000001d89c2bf090 Uncommon trap: reason=bimorphic_or_optimized_type_check action=maybe_recompile pc=0x000001d88ad040ac method=java.util.stream.ReferencePipeline.forEachWithCancel(Ljava/util/Spliterator;Ljava/util/stream/Sink;)Z @ 1 c2
Event: 3.164 Thread 0x000001d89c2bf090 DEOPT PACKING pc=0x000001d88ad040ac sp=0x0000001788efe990
Event: 3.164 Thread 0x000001d89c2bf090 DEOPT UNPACKING pc=0x000001d88a5246a2 sp=0x0000001788efe910 mode 2
Event: 3.164 Thread 0x000001d89c566b80 Uncommon trap: trap_request=0xffffff45 fr.pc=0x000001d88ad36318 relative=0x00000000000000f8
Event: 3.164 Thread 0x000001d89c566b80 Uncommon trap: reason=unstable_if action=reinterpret pc=0x000001d88ad36318 method=java.lang.ClassLoader.getClassLoadingLock(Ljava/lang/String;)Ljava/lang/Object; @ 6 c2
Event: 3.164 Thread 0x000001d89c566b80 DEOPT PACKING pc=0x000001d88ad36318 sp=0x0000001789af8db0
Event: 3.164 Thread 0x000001d89c566b80 DEOPT UNPACKING pc=0x000001d88a5246a2 sp=0x0000001789af8d40 mode 2
Event: 3.166 Thread 0x000001d89c566b80 Uncommon trap: trap_request=0xffffff6e fr.pc=0x000001d88ae1ea5c relative=0x000000000000081c
Event: 3.166 Thread 0x000001d89c566b80 Uncommon trap: reason=loop_limit_check action=maybe_recompile pc=0x000001d88ae1ea5c method=java.util.regex.Pattern$Start.match(Ljava/util/regex/Matcher;ILjava/lang/CharSequence;)Z @ 34 c2
Event: 3.166 Thread 0x000001d89c566b80 DEOPT PACKING pc=0x000001d88ae1ea5c sp=0x0000001789af8b30
Event: 3.166 Thread 0x000001d89c566b80 DEOPT UNPACKING pc=0x000001d88a5246a2 sp=0x0000001789af8a80 mode 2
Event: 3.191 Thread 0x000001d89c566b80 DEOPT PACKING pc=0x000001d883814c80 sp=0x0000001789af8880
Event: 3.191 Thread 0x000001d89c566b80 DEOPT UNPACKING pc=0x000001d88a524e42 sp=0x0000001789af7d70 mode 0
Event: 3.207 Thread 0x000001d89c566b80 Uncommon trap: trap_request=0xffffffcc fr.pc=0x000001d88ae2fa98 relative=0x0000000000000158
Event: 3.207 Thread 0x000001d89c566b80 Uncommon trap: reason=intrinsic_or_type_checked_inlining action=make_not_entrant pc=0x000001d88ae2fa98 method=java.util.ArrayList$SubList.toArray([Ljava/lang/Object;)[Ljava/lang/Object; @ 58 c2
Event: 3.207 Thread 0x000001d89c566b80 DEOPT PACKING pc=0x000001d88ae2fa98 sp=0x0000001789af89b0
Event: 3.207 Thread 0x000001d89c566b80 DEOPT UNPACKING pc=0x000001d88a5246a2 sp=0x0000001789af8950 mode 2

Classes loaded (20 events):
Event: 3.169 Loading class jdk/internal/jimage/ImageReader$Directory
Event: 3.169 Loading class jdk/internal/jimage/ImageReader$Node
Event: 3.169 Loading class jdk/internal/jimage/ImageReader$Node done
Event: 3.169 Loading class jdk/internal/jimage/ImageReader$Directory done
Event: 3.169 Loading class jdk/internal/jrtfs/SystemImage$1
Event: 3.169 Loading class jdk/internal/jrtfs/SystemImage$1 done
Event: 3.169 Loading class jdk/internal/jimage/ImageReader$SharedImageReader$LocationVisitor
Event: 3.169 Loading class jdk/internal/jimage/ImageReader$SharedImageReader$LocationVisitor done
Event: 3.170 Loading class java/nio/ByteBufferAsIntBufferL
Event: 3.170 Loading class java/nio/ByteBufferAsIntBufferL done
Event: 3.171 Loading class jdk/internal/jrtfs/JrtFileAttributes
Event: 3.171 Loading class jdk/internal/jrtfs/JrtFileAttributes done
Event: 3.171 Loading class jdk/internal/jrtfs/JrtDirectoryStream
Event: 3.171 Loading class jdk/internal/jrtfs/JrtDirectoryStream done
Event: 3.171 Loading class jdk/internal/jrtfs/JrtDirectoryStream$1
Event: 3.171 Loading class jdk/internal/jrtfs/JrtDirectoryStream$1 done
Event: 3.171 Loading class java/util/function/BooleanSupplier
Event: 3.171 Loading class java/util/function/BooleanSupplier done
Event: 3.171 Loading class jdk/internal/jimage/ImageReader$Resource
Event: 3.171 Loading class jdk/internal/jimage/ImageReader$Resource done

Classes unloaded (0 events):
No events

Classes redefined (0 events):
No events

Internal exceptions (20 events):
Event: 2.850 Thread 0x000001d89c566b80 Exception <a 'java/lang/NoSuchMethodError'{0x0000000084162ef8}: 'java.lang.Object java.lang.invoke.DirectMethodHandle$Holder.invokeStatic(java.lang.Object, java.lang.Object, java.lang.Object, java.lang.Object, java.lang.Object, java.lang.Object, java.lang.Object, java.lang.Object, java.lang.Object, java.lang.Object, java.lang.Object, java.lang.Object, java.lang.Object, java.lang.Object, java.lang.Object, java.lang.Object, java.lang.Object, java.lang.Object, java.lang.Object, java.lang.Object, java.lang.Obj
Event: 2.854 Thread 0x000001d89c566b80 Exception <a 'java/lang/NoSuchMethodError'{0x00000000841f3cf8}: 'java.lang.Object java.lang.invoke.DirectMethodHandle$Holder.newInvokeSpecial(java.lang.Object, java.lang.Object, java.lang.Object, java.lang.Object, java.lang.Object, java.lang.Object, java.lang.Object, java.lang.Object, java.lang.Object, java.lang.Object, java.lang.Object, java.lang.Object, java.lang.Object, java.lang.Object, java.lang.Object, java.lang.Object, java.lang.Object, java.lang.Object, java.lang.Object, java.lang.Object)'> (0x0000
Event: 2.855 Thread 0x000001d89c566b80 Exception <a 'java/lang/NoSuchMethodError'{0x00000000841fa940}: 'java.lang.Object java.lang.invoke.DirectMethodHandle$Holder.invokeSpecial(java.lang.Object, java.lang.Object, java.lang.Object, java.lang.Object, java.lang.Object, java.lang.Object, java.lang.Object, java.lang.Object, java.lang.Object, java.lang.Object, java.lang.Object, java.lang.Object, java.lang.Object, java.lang.Object, java.lang.Object, java.lang.Object, java.lang.Object, java.lang.Object, java.lang.Object, java.lang.Object, java.lang.Ob
Event: 2.855 Thread 0x000001d89c566b80 Exception <a 'java/lang/NoSuchMethodError'{0x00000000840009c8}: 'java.lang.Object java.lang.invoke.DelegatingMethodHandle$Holder.reinvoke_L(java.lang.Object, java.lang.Object, java.lang.Object, java.lang.Object, java.lang.Object, java.lang.Object, java.lang.Object, java.lang.Object, java.lang.Object, java.lang.Object, java.lang.Object, java.lang.Object, java.lang.Object, java.lang.Object, java.lang.Object, java.lang.Object, java.lang.Object, java.lang.Object, java.lang.Object, java.lang.Object)'> (0x000000
Event: 2.861 Thread 0x000001d89c566b80 Exception <a 'java/lang/NoSuchMethodError'{0x0000000083f4dc90}: 'java.lang.Object java.lang.invoke.DirectMethodHandle$Holder.newInvokeSpecial(java.lang.Object, java.lang.Object, java.lang.Object, java.lang.Object, java.lang.Object, java.lang.Object, java.lang.Object, java.lang.Object, java.lang.Object, java.lang.Object, java.lang.Object, java.lang.Object)'> (0x0000000083f4dc90) 
thrown [s\src\hotspot\share\interpreter\linkResolver.cpp, line 784]
Event: 2.891 Thread 0x000001d89c566b80 Exception <a 'java/lang/NoSuchMethodError'{0x0000000083cb7538}: 'java.lang.Object java.lang.invoke.DirectMethodHandle$Holder.newInvokeSpecial(java.lang.Object, java.lang.Object, java.lang.Object, java.lang.Object, java.lang.Object, java.lang.Object, java.lang.Object, java.lang.Object, java.lang.Object)'> (0x0000000083cb7538) 
thrown [s\src\hotspot\share\interpreter\linkResolver.cpp, line 784]
Event: 2.946 Thread 0x000001d89c566b80 Implicit null exception at 0x000001d88ad3d3b4 to 0x000001d88ad3d8d4
Event: 2.946 Thread 0x000001d89c566b80 Implicit null exception at 0x000001d88adf0518 to 0x000001d88adf0894
Event: 2.946 Thread 0x000001d89c566b80 Implicit null exception at 0x000001d88adf252c to 0x000001d88adf2de8
Event: 2.946 Thread 0x000001d89c566b80 Exception <a 'java/lang/NoSuchMethodError'{0x0000000083616840}: 'java.lang.reflect.Method[] java.lang.Class.getDeclaredMethods(java.lang.Class)'> (0x0000000083616840) 
thrown [s\src\hotspot\share\interpreter\linkResolver.cpp, line 784]
Event: 2.960 Thread 0x000001d89c566b80 Exception <a 'java/lang/NoSuchMethodError'{0x00000000835565b0}: 'void java.lang.invoke.DirectMethodHandle$Holder.invokeStaticInit(java.lang.Object, java.lang.Object, java.lang.Object)'> (0x00000000835565b0) 
thrown [s\src\hotspot\share\interpreter\linkResolver.cpp, line 784]
Event: 2.962 Thread 0x000001d89c566b80 Exception <a 'java/lang/NoSuchMethodError'{0x000000008357a568}: 'void java.lang.invoke.DirectMethodHandle$Holder.invokeStaticInit(java.lang.Object, java.lang.Object, java.lang.Object, java.lang.Object, java.lang.Object)'> (0x000000008357a568) 
thrown [s\src\hotspot\share\interpreter\linkResolver.cpp, line 784]
Event: 2.968 Thread 0x000001d89c566b80 Exception <a 'java/lang/NoSuchMethodError'{0x00000000835d1e70}: 'int java.lang.invoke.DirectMethodHandle$Holder.invokeStaticInit(java.lang.Object, java.lang.Object, java.lang.Object, java.lang.Object)'> (0x00000000835d1e70) 
thrown [s\src\hotspot\share\interpreter\linkResolver.cpp, line 784]
Event: 3.076 Thread 0x000001d89c566b80 Exception <a 'java/lang/ClassNotFoundException'{0x0000000082cc70d8}: groovy/lang/ExpandoMetaClassBeanInfo> (0x0000000082cc70d8) 
thrown [s\src\hotspot\share\classfile\systemDictionary.cpp, line 312]
Event: 3.076 Thread 0x000001d89c566b80 Exception <a 'java/lang/ClassNotFoundException'{0x0000000082ccf1a0}: groovy/lang/MetaClassImplBeanInfo> (0x0000000082ccf1a0) 
thrown [s\src\hotspot\share\classfile\systemDictionary.cpp, line 312]
Event: 3.076 Thread 0x000001d89c566b80 Exception <a 'java/lang/ClassNotFoundException'{0x0000000082cd3a28}: java/lang/ObjectBeanInfo> (0x0000000082cd3a28) 
thrown [s\src\hotspot\share\classfile\systemDictionary.cpp, line 312]
Event: 3.076 Thread 0x000001d89c566b80 Exception <a 'java/lang/ClassNotFoundException'{0x0000000082cd92f0}: java/lang/ObjectCustomizer> (0x0000000082cd92f0) 
thrown [s\src\hotspot\share\classfile\systemDictionary.cpp, line 312]
Event: 3.078 Thread 0x000001d89c566b80 Exception <a 'java/lang/IncompatibleClassChangeError'{0x0000000082ce75c0}: Found class java.lang.Object, but interface was expected> (0x0000000082ce75c0) 
thrown [s\src\hotspot\share\interpreter\linkResolver.cpp, line 851]
Event: 3.080 Thread 0x000001d89c566b80 Exception <a 'java/lang/ClassNotFoundException'{0x0000000082b01590}: groovy/lang/MetaClassImplCustomizer> (0x0000000082b01590) 
thrown [s\src\hotspot\share\classfile\systemDictionary.cpp, line 312]
Event: 3.081 Thread 0x000001d89c566b80 Exception <a 'java/lang/ClassNotFoundException'{0x0000000082b29248}: groovy/lang/ExpandoMetaClassCustomizer> (0x0000000082b29248) 
thrown [s\src\hotspot\share\classfile\systemDictionary.cpp, line 312]

ZGC Phase Switch (0 events):
No events

VM Operations (20 events):
Event: 2.965 Executing VM operation: ICBufferFull
Event: 2.965 Executing VM operation: ICBufferFull done
Event: 3.020 Executing VM operation: HandshakeAllThreads (Deoptimize)
Event: 3.020 Executing VM operation: HandshakeAllThreads (Deoptimize) done
Event: 3.050 Executing VM operation: HandshakeAllThreads (Deoptimize)
Event: 3.050 Executing VM operation: HandshakeAllThreads (Deoptimize) done
Event: 3.111 Executing VM operation: G1CollectForAllocation (G1 Evacuation Pause)
Event: 3.114 Executing VM operation: G1CollectForAllocation (G1 Evacuation Pause) done
Event: 3.118 Executing VM operation: HandshakeAllThreads (Deoptimize)
Event: 3.118 Executing VM operation: HandshakeAllThreads (Deoptimize) done
Event: 3.118 Executing VM operation: HandshakeAllThreads (Deoptimize)
Event: 3.118 Executing VM operation: HandshakeAllThreads (Deoptimize) done
Event: 3.122 Executing VM operation: HandshakeAllThreads (Deoptimize)
Event: 3.122 Executing VM operation: HandshakeAllThreads (Deoptimize) done
Event: 3.125 Executing VM operation: HandshakeAllThreads (Deoptimize)
Event: 3.125 Executing VM operation: HandshakeAllThreads (Deoptimize) done
Event: 3.131 Executing VM operation: HandshakeAllThreads (Deoptimize)
Event: 3.131 Executing VM operation: HandshakeAllThreads (Deoptimize) done
Event: 3.170 Executing VM operation: HandshakeAllThreads (Deoptimize)
Event: 3.170 Executing VM operation: HandshakeAllThreads (Deoptimize) done

Events (20 events):
Event: 2.632 Thread 0x000001d896100a00 flushing nmethod 0x000001d88ac38d90
Event: 2.632 Thread 0x000001d896100a00 flushing nmethod 0x000001d88ac48d10
Event: 2.632 Thread 0x000001d896100a00 flushing nmethod 0x000001d88ac69910
Event: 2.632 Thread 0x000001d896100a00 flushing nmethod 0x000001d88ac47010
Event: 2.632 Thread 0x000001d896100a00 flushing nmethod 0x000001d88ac5af10
Event: 2.632 Thread 0x000001d896100a00 flushing nmethod 0x000001d88ac5a410
Event: 2.632 Thread 0x000001d896100a00 flushing nmethod 0x000001d88ac67890
Event: 2.632 Thread 0x000001d896100a00 flushing nmethod 0x000001d88ac61090
Event: 2.632 Thread 0x000001d896100a00 flushing nmethod 0x000001d88ac60a90
Event: 2.632 Thread 0x000001d896100a00 flushing nmethod 0x000001d88ac4e890
Event: 2.632 Thread 0x000001d896100a00 flushing nmethod 0x000001d88ac4e510
Event: 2.632 Thread 0x000001d896100a00 flushing nmethod 0x000001d88ac3f290
Event: 2.632 Thread 0x000001d896100a00 flushing nmethod 0x000001d88ac4dc90
Event: 2.632 Thread 0x000001d896100a00 flushing nmethod 0x000001d88ac33f90
Event: 2.632 Thread 0x000001d896100a00 flushing nmethod 0x000001d88ac3e110
Event: 2.632 Thread 0x000001d896100a00 flushing nmethod 0x000001d88ac29810
Event: 2.632 Thread 0x000001d896100a00 flushing nmethod 0x000001d88ac2b210
Event: 2.649 Thread 0x000001d89e9d0b30 Thread added: 0x000001d89e9d0b30
Event: 2.732 Thread 0x000001d89e9ce3d0 Thread added: 0x000001d89e9ce3d0
Event: 2.830 Thread 0x000001d89e9d1850 Thread added: 0x000001d89e9d1850


Dynamic libraries:
0x00007ff71b740000 - 0x00007ff71b74a000 	D:\Program Files\Android\Android Studio\jbr\bin\java.exe
0x00007fffe88f0000 - 0x00007fffe8b07000 	C:\WINDOWS\SYSTEM32\ntdll.dll
0x00007fffe6650000 - 0x00007fffe6714000 	C:\WINDOWS\System32\KERNEL32.DLL
0x00007fffe6180000 - 0x00007fffe653a000 	C:\WINDOWS\System32\KERNELBASE.dll
0x00007fffe5df0000 - 0x00007fffe5f01000 	C:\WINDOWS\System32\ucrtbase.dll
0x00007fff6c4e0000 - 0x00007fff6c4f8000 	D:\Program Files\Android\Android Studio\jbr\bin\jli.dll
0x00007fff6c540000 - 0x00007fff6c55b000 	D:\Program Files\Android\Android Studio\jbr\bin\VCRUNTIME140.dll
0x00007fffe7ae0000 - 0x00007fffe7c8e000 	C:\WINDOWS\System32\USER32.dll
0x00007fffc1200000 - 0x00007fffc1492000 	C:\WINDOWS\WinSxS\amd64_microsoft.windows.common-controls_6595b64144ccf1df_6.0.22621.4541_none_2710d1c57384c085\COMCTL32.dll
0x00007fffe6150000 - 0x00007fffe6176000 	C:\WINDOWS\System32\win32u.dll
0x00007fffe7490000 - 0x00007fffe74b9000 	C:\WINDOWS\System32\GDI32.dll
0x00007fffe7a30000 - 0x00007fffe7ad7000 	C:\WINDOWS\System32\msvcrt.dll
0x00007fffe6030000 - 0x00007fffe614b000 	C:\WINDOWS\System32\gdi32full.dll
0x00007fffe5f90000 - 0x00007fffe602a000 	C:\WINDOWS\System32\msvcp_win.dll
0x00007fffe7c90000 - 0x00007fffe7cc1000 	C:\WINDOWS\System32\IMM32.DLL
0x00007fff94d30000 - 0x00007fff94d3c000 	D:\Program Files\Android\Android Studio\jbr\bin\vcruntime140_1.dll
0x00007fffa4670000 - 0x00007fffa46fd000 	D:\Program Files\Android\Android Studio\jbr\bin\msvcp140.dll
0x00007fff6b640000 - 0x00007fff6c2bd000 	D:\Program Files\Android\Android Studio\jbr\bin\server\jvm.dll
0x00007fffe8700000 - 0x00007fffe87b2000 	C:\WINDOWS\System32\ADVAPI32.dll
0x00007fffe7cd0000 - 0x00007fffe7d77000 	C:\WINDOWS\System32\sechost.dll
0x00007fffe65c0000 - 0x00007fffe65e8000 	C:\WINDOWS\System32\bcrypt.dll
0x00007fffe7370000 - 0x00007fffe7484000 	C:\WINDOWS\System32\RPCRT4.dll
0x00007fffe7620000 - 0x00007fffe7691000 	C:\WINDOWS\System32\WS2_32.dll
0x00007fffe4a10000 - 0x00007fffe4a5d000 	C:\WINDOWS\SYSTEM32\POWRPROF.dll
0x00007fffdac90000 - 0x00007fffdac9a000 	C:\WINDOWS\SYSTEM32\VERSION.dll
0x00007fffdb820000 - 0x00007fffdb854000 	C:\WINDOWS\SYSTEM32\WINMM.dll
0x00007fffe49f0000 - 0x00007fffe4a03000 	C:\WINDOWS\SYSTEM32\UMPDC.dll
0x00007fffe4cb0000 - 0x00007fffe4cc8000 	C:\WINDOWS\SYSTEM32\kernel.appcore.dll
0x00007fff6c530000 - 0x00007fff6c53a000 	D:\Program Files\Android\Android Studio\jbr\bin\jimage.dll
0x00007fffe3560000 - 0x00007fffe3792000 	C:\WINDOWS\SYSTEM32\DBGHELP.DLL
0x00007fffe76a0000 - 0x00007fffe7a2f000 	C:\WINDOWS\System32\combase.dll
0x00007fffe87d0000 - 0x00007fffe88a7000 	C:\WINDOWS\System32\OLEAUT32.dll
0x00007fffd90a0000 - 0x00007fffd90d2000 	C:\WINDOWS\SYSTEM32\dbgcore.DLL
0x00007fffe6540000 - 0x00007fffe65bb000 	C:\WINDOWS\System32\bcryptPrimitives.dll
0x00007fff6c520000 - 0x00007fff6c52e000 	D:\Program Files\Android\Android Studio\jbr\bin\instrument.dll
0x00007fff6c500000 - 0x00007fff6c51f000 	D:\Program Files\Android\Android Studio\jbr\bin\java.dll
0x00007fff6c4c0000 - 0x00007fff6c4d8000 	D:\Program Files\Android\Android Studio\jbr\bin\zip.dll
0x00007fffe6af0000 - 0x00007fffe7368000 	C:\WINDOWS\System32\SHELL32.dll
0x00007fffe3ab0000 - 0x00007fffe43b8000 	C:\WINDOWS\SYSTEM32\windows.storage.dll
0x00007fffe3970000 - 0x00007fffe3aaf000 	C:\WINDOWS\SYSTEM32\wintypes.dll
0x00007fffe8080000 - 0x00007fffe817a000 	C:\WINDOWS\System32\SHCORE.dll
0x00007fffe74c0000 - 0x00007fffe751e000 	C:\WINDOWS\System32\shlwapi.dll
0x00007fffe5af0000 - 0x00007fffe5b1b000 	C:\WINDOWS\SYSTEM32\profapi.dll
0x00007fff6c4b0000 - 0x00007fff6c4c0000 	D:\Program Files\Android\Android Studio\jbr\bin\net.dll
0x00007fffdd6f0000 - 0x00007fffdd826000 	C:\WINDOWS\SYSTEM32\WINHTTP.dll
0x00007fffe5120000 - 0x00007fffe5189000 	C:\WINDOWS\system32\mswsock.dll
0x00007fff6c490000 - 0x00007fff6c4a6000 	D:\Program Files\Android\Android Studio\jbr\bin\nio.dll
0x00007fffb60a0000 - 0x00007fffb60b0000 	D:\Program Files\Android\Android Studio\jbr\bin\verify.dll
0x00007fffd13c0000 - 0x00007fffd13e7000 	D:\gradle\native\c067742578af261105cb4f569cf0c3c89f3d7b1fecec35dd04571415982c5e48\windows-amd64\native-platform.dll
0x00007fff980d0000 - 0x00007fff98214000 	D:\gradle\native\100fb08df4bc3b14c8652ba06237920a3bd2aa13389f12d3474272988ae205f9\windows-amd64\native-platform-file-events.dll
0x00007fff6c480000 - 0x00007fff6c489000 	D:\Program Files\Android\Android Studio\jbr\bin\management.dll
0x00007fff6c470000 - 0x00007fff6c47b000 	D:\Program Files\Android\Android Studio\jbr\bin\management_ext.dll
0x00007fffe8070000 - 0x00007fffe8078000 	C:\WINDOWS\System32\PSAPI.DLL
0x00007fffe5470000 - 0x00007fffe548b000 	C:\WINDOWS\SYSTEM32\CRYPTSP.dll
0x00007fffe4c10000 - 0x00007fffe4c45000 	C:\WINDOWS\system32\rsaenh.dll
0x00007fffe51c0000 - 0x00007fffe51e8000 	C:\WINDOWS\SYSTEM32\USERENV.dll
0x00007fffe5450000 - 0x00007fffe545c000 	C:\WINDOWS\SYSTEM32\CRYPTBASE.dll
0x00007fffe4690000 - 0x00007fffe46bd000 	C:\WINDOWS\SYSTEM32\IPHLPAPI.DLL
0x00007fffe7e30000 - 0x00007fffe7e39000 	C:\WINDOWS\System32\NSI.dll
0x00007fff6c340000 - 0x00007fff6c349000 	D:\Program Files\Android\Android Studio\jbr\bin\extnet.dll
0x00007fffad100000 - 0x00007fffad108000 	C:\WINDOWS\system32\wshunix.dll

dbghelp: loaded successfully - version: 4.0.5 - missing functions: none
symbol engine: initialized successfully - sym options: 0x614 - pdb path: .;D:\Program Files\Android\Android Studio\jbr\bin;C:\WINDOWS\SYSTEM32;C:\WINDOWS\WinSxS\amd64_microsoft.windows.common-controls_6595b64144ccf1df_6.0.22621.4541_none_2710d1c57384c085;D:\Program Files\Android\Android Studio\jbr\bin\server;D:\gradle\native\c067742578af261105cb4f569cf0c3c89f3d7b1fecec35dd04571415982c5e48\windows-amd64;D:\gradle\native\100fb08df4bc3b14c8652ba06237920a3bd2aa13389f12d3474272988ae205f9\windows-amd64

VM Arguments:
jvm_args: --add-opens=java.base/java.util=ALL-UNNAMED --add-opens=java.base/java.lang=ALL-UNNAMED --add-opens=java.base/java.lang.invoke=ALL-UNNAMED --add-opens=java.prefs/java.util.prefs=ALL-UNNAMED --add-exports=jdk.compiler/com.sun.tools.javac.api=ALL-UNNAMED --add-exports=jdk.compiler/com.sun.tools.javac.util=ALL-UNNAMED --add-opens=java.base/java.nio.charset=ALL-UNNAMED --add-opens=java.base/java.net=ALL-UNNAMED --add-opens=java.base/java.util.concurrent.atomic=ALL-UNNAMED -Xmx2048m -Dfile.encoding=UTF-8 -Duser.country=RU -Duser.language=ru -Duser.variant -javaagent:D:\gradle\wrapper\dists\gradle-8.9-bin\90cnw93cvbtalezasaz0blq0a\gradle-8.9\lib\agents\gradle-instrumentation-agent-8.9.jar 
java_command: org.gradle.launcher.daemon.bootstrap.GradleDaemon 8.9
java_class_path (initial): D:\gradle\wrapper\dists\gradle-8.9-bin\90cnw93cvbtalezasaz0blq0a\gradle-8.9\lib\gradle-daemon-main-8.9.jar
Launcher Type: SUN_STANDARD

[Global flags]
     intx CICompilerCount                          = 12                                        {product} {ergonomic}
     uint ConcGCThreads                            = 3                                         {product} {ergonomic}
     uint G1ConcRefinementThreads                  = 13                                        {product} {ergonomic}
   size_t G1HeapRegionSize                         = 1048576                                   {product} {ergonomic}
    uintx GCDrainStackTargetSize                   = 64                                        {product} {ergonomic}
   size_t InitialHeapSize                          = 264241152                                 {product} {ergonomic}
   size_t MarkStackSize                            = 4194304                                   {product} {ergonomic}
   size_t MaxHeapSize                              = 2147483648                                {product} {command line}
   size_t MaxNewSize                               = 1287651328                                {product} {ergonomic}
   size_t MinHeapDeltaBytes                        = 1048576                                   {product} {ergonomic}
   size_t MinHeapSize                              = 8388608                                   {product} {ergonomic}
    uintx NonNMethodCodeHeapSize                   = 7602480                                {pd product} {ergonomic}
    uintx NonProfiledCodeHeapSize                  = 122027880                              {pd product} {ergonomic}
    uintx ProfiledCodeHeapSize                     = 122027880                              {pd product} {ergonomic}
    uintx ReservedCodeCacheSize                    = 251658240                              {pd product} {ergonomic}
     bool SegmentedCodeCache                       = true                                      {product} {ergonomic}
   size_t SoftMaxHeapSize                          = 2147483648                             {manageable} {ergonomic}
     bool UseCompressedOops                        = true                           {product lp64_product} {ergonomic}
     bool UseG1GC                                  = true                                      {product} {ergonomic}
     bool UseLargePagesIndividualAllocation        = false                                  {pd product} {ergonomic}

Logging:
Log output configuration:
 #0: stdout all=warning uptime,level,tags foldmultilines=false
 #1: stderr all=off uptime,level,tags foldmultilines=false

Environment Variables:
JAVA_HOME=D:\Program Files\Java\jdk-21\
PATH=d:\program files (x86)\common files\oracle\java\javapath;c:\program files (x86)\common files\intel\shared libraries\redist\intel64\compiler;c:\program files (x86)\common files\oracle\java\javapath;c:\windows\system32;c:\windows;c:\windows\system32\wbem;c:\windows\system32\windowspowershell\v1.0\;c:\windows\system32\openssh\;c:\program files\git\cmd;d:\program files (x86)\ngrok;d:\program files\python39;d:\program files\python39\scripts;d:\program files\java\jre-1.8\bin;d:\program files\dotnet\;d:\program files\nvidia corporation\nvidia nvdlisr;d:\program files (x86)\bitvise ssh client;C:\Program Files (x86)\NVIDIA Corporation\PhysX\Common;C:\Program Files\NVIDIA Corporation\NVIDIA NvDLISR;D:\Downloads\adb;d:\Program Files\GitHub CLI\;D:\Program Files\Git LFS;C:\Program Files\Git\cmd;D:\gradle\bin;;%SystemRoot%\system32;%SystemRoot%;%SystemRoot%\System32\Wbem;%SYSTEMROOT%\System32\WindowsPowerShell\v1.0\;%SYSTEMROOT%\System32\OpenSSH\;C:\Users\mrfix1033\AppData\Local\Programs\Python\Launcher\;D:\Program Files\MySQL\MySQL Shell 8.0\bin\;C:\Users\mrfix1033\AppData\Local\Microsoft\WindowsApps;D:\masm32\bin;C:\Users\mrfix1033\.dotnet\tools;D:\Program Files\ffmpeg_ffprobe;D:\Program Files\GitHub CLI;D:\Program Files (x86)\ffmpeg-master-latest-win64-gpl\bin;D:\mingw64\bin;D:\Program Files (x86)\Microsoft VS Code\bin
USERNAME=mrfix1033
OS=Windows_NT
PROCESSOR_IDENTIFIER=Intel64 Family 6 Model 154 Stepping 3, GenuineIntel
TMP=C:\Users\MRFIX1~1\AppData\Local\Temp
TEMP=C:\Users\MRFIX1~1\AppData\Local\Temp




Periodic native trim disabled

JNI global refs:
JNI global refs: 33, weak refs: 0

JNI global refs memory usage: 835, weak refs: 833

Process memory usage:
Resident Set Size: 284828K (1% of 16437280K total physical memory with 3155332K free physical memory)

OOME stack traces (most recent first):
Classloader memory used:
